<?xml version="1.0" encoding="UTF-8"?>
<!-- Generated by org.testng.reporters.JUnitReportReporter -->
<testsuite hostname="BLRIDC30192062" failures="0" tests="1" name="script.InvalidLogin" time="18.440" errors="0" timestamp="14 Aug 2018 13:21:20 GMT" skipped="0">
  <testcase classname="script.InvalidLogin" name="testInvalidLogin" time="18.440"/>
</testsuite> <!-- script.InvalidLogin -->
