<?xml version="1.0" encoding="UTF-8"?>
<!-- Generated by org.testng.reporters.JUnitReportReporter -->
<testsuite hostname="BLRIDC30192062" failures="0" tests="1" name="script.ValidLogin" time="10.320" errors="0" timestamp="18 Jul 2018 15:57:04 GMT" skipped="0">
  <testcase classname="script.ValidLogin" name="testValidLogin" time="10.320"/>
</testsuite> <!-- script.ValidLogin -->
