<?xml version="1.0" encoding="UTF-8"?>
<!-- Generated by org.testng.reporters.JUnitReportReporter -->
<testsuite hostname="BLRIDC30192062" failures="0" tests="1" name="script.ValidLogin" time="5.788" errors="0" timestamp="18 Jul 2018 14:00:32 GMT" skipped="0">
  <testcase classname="script.ValidLogin" name="testValidLogin" time="5.788"/>
</testsuite> <!-- script.ValidLogin -->
