<?xml version="1.0" encoding="UTF-8"?>
<!-- Generated by org.testng.reporters.JUnitReportReporter -->
<testsuite hostname="BLRIDC30192062" failures="0" tests="1" name="script.InvalidLogin" time="13.482" errors="0" timestamp="18 Jul 2018 15:57:04 GMT" skipped="0">
  <testcase classname="script.InvalidLogin" name="testInvalidLogin" time="13.482"/>
</testsuite> <!-- script.InvalidLogin -->
