<?xml version="1.0" encoding="UTF-8"?>
<!-- Generated by org.testng.reporters.JUnitReportReporter -->
<testsuite hostname="BLRIDC30192062" failures="0" tests="1" name="script.VerifyProductVersion" time="13.820" errors="0" timestamp="18 Jul 2018 15:43:42 GMT" skipped="0">
  <testcase classname="script.VerifyProductVersion" name="testVerifyProdcutVersion" time="13.820"/>
</testsuite> <!-- script.VerifyProductVersion -->
